0 verbose cli /usr/local/bin/node /usr/local/bin/npm
1 info using npm@11.12.1
2 info using node@v24.15.0
3 silly config load:file:/usr/local/lib/node_modules/npm/npmrc
4 silly config load:file:/Users/sarganttanaicloud.com/Desktop/ALMAR_SIGN/frontend/.npmrc
5 silly config load:file:/Users/sarganttanaicloud.com/.npmrc
6 silly config load:file:/usr/local/etc/npmrc
7 verbose title npm install @react-navigation/native @react-navigation/native-stack
8 verbose argv "install" "@react-navigation/native" "@react-navigation/native-stack"
9 verbose logfile logs-max:10 dir:/Users/sarganttanaicloud.com/Desktop/ALMAR_SIGN/frontend/clean/_logs/2026-05-07T21_47_40_612Z-
10 verbose logfile /Users/sarganttanaicloud.com/Desktop/ALMAR_SIGN/frontend/clean/_logs/2026-05-07T21_47_40_612Z-debug-0.log
11 silly logfile done cleaning log files
12 silly packumentCache heap:2348810240 maxSize:587202560 maxEntrySize:293601280
13 silly idealTree buildDeps
14 silly fetch manifest @react-navigation/native@*
15 silly packumentCache full:https://registry.npmjs.org/@react-navigation%2fnative cache-miss
16 http fetch GET 200 https://registry.npmjs.org/@react-navigation%2fnative 410ms (cache miss)
17 silly packumentCache full:https://registry.npmjs.org/@react-navigation%2fnative set size:undefined disposed:false
18 silly fetch manifest react@19.1.0
19 silly packumentCache full:https://registry.npmjs.org/react cache-miss
20 http fetch GET 200 https://registry.npmjs.org/react 254ms (cache miss)
21 silly packumentCache full:https://registry.npmjs.org/react set size:undefined disposed:false
22 silly fetch manifest react-native@0.81.5
23 silly packumentCache full:https://registry.npmjs.org/react-native cache-miss
24 http fetch GET 200 https://registry.npmjs.org/react-native 270ms (cache miss)
25 silly packumentCache full:https://registry.npmjs.org/react-native set size:undefined disposed:false
26 silly fetch manifest @types/react@~19.1.0
27 silly packumentCache full:https://registry.npmjs.org/@types%2freact cache-miss
28 http fetch GET 200 https://registry.npmjs.org/@types%2freact 144ms (cache miss)
29 silly packumentCache full:https://registry.npmjs.org/@types%2freact set size:undefined disposed:false
30 silly fetch manifest @react-navigation/native-stack@*
31 silly packumentCache full:https://registry.npmjs.org/@react-navigation%2fnative-stack cache-miss
32 http fetch GET 200 https://registry.npmjs.org/@react-navigation%2fnative-stack 342ms (cache miss)
33 silly packumentCache full:https://registry.npmjs.org/@react-navigation%2fnative-stack set size:undefined disposed:false
34 silly fetch manifest react-native-safe-area-context@>= 4.0.0
35 silly packumentCache full:https://registry.npmjs.org/react-native-safe-area-context cache-miss
36 http fetch GET 200 https://registry.npmjs.org/react-native-safe-area-context 58ms (cache miss)
37 silly packumentCache full:https://registry.npmjs.org/react-native-safe-area-context set size:undefined disposed:false
38 silly fetch manifest react-native-screens@>= 4.0.0
39 silly packumentCache full:https://registry.npmjs.org/react-native-screens cache-miss
40 http fetch GET 200 https://registry.npmjs.org/react-native-screens 95ms (cache miss)
41 silly packumentCache full:https://registry.npmjs.org/react-native-screens set size:undefined disposed:false
42 silly placeDep ROOT @react-navigation/native@7.2.3 OK for: frontend@1.0.0 want: *
43 silly placeDep ROOT @react-navigation/native-stack@7.14.13 OK for: frontend@1.0.0 want: *
44 silly placeDep ROOT react-native-safe-area-context@5.7.0 OK for: @react-navigation/native-stack@7.14.13 want: >= 4.0.0
45 silly placeDep ROOT react-native-screens@4.24.0 OK for: @react-navigation/native-stack@7.14.13 want: >= 4.0.0
46 silly fetch manifest @react-navigation/core@^7.17.3
47 silly packumentCache full:https://registry.npmjs.org/@react-navigation%2fcore cache-miss
48 silly fetch manifest escape-string-regexp@^4.0.0
49 silly packumentCache full:https://registry.npmjs.org/escape-string-regexp cache-miss
50 silly fetch manifest fast-deep-equal@^3.1.3
51 silly packumentCache full:https://registry.npmjs.org/fast-deep-equal cache-miss
52 http fetch GET 200 https://registry.npmjs.org/escape-string-regexp 119ms (cache miss)
53 silly packumentCache full:https://registry.npmjs.org/escape-string-regexp set size:undefined disposed:false
54 silly fetch manifest use-latest-callback@^0.2.4
55 silly packumentCache full:https://registry.npmjs.org/use-latest-callback cache-miss
56 http fetch GET 200 https://registry.npmjs.org/fast-deep-equal 122ms (cache miss)
57 silly packumentCache full:https://registry.npmjs.org/fast-deep-equal set size:undefined disposed:false
58 silly fetch manifest @react-navigation/elements@^2.9.16
59 silly packumentCache full:https://registry.npmjs.org/@react-navigation%2felements cache-miss
60 http fetch GET 200 https://registry.npmjs.org/@react-navigation%2fcore 136ms (cache miss)
61 silly packumentCache full:https://registry.npmjs.org/@react-navigation%2fcore set size:undefined disposed:false
62 silly fetch manifest color@^4.2.3
63 silly packumentCache full:https://registry.npmjs.org/color cache-miss
64 http fetch GET 200 https://registry.npmjs.org/use-latest-callback 42ms (cache miss)
65 silly packumentCache full:https://registry.npmjs.org/use-latest-callback set size:undefined disposed:false
66 silly fetch manifest sf-symbols-typescript@^2.1.0
67 silly packumentCache full:https://registry.npmjs.org/sf-symbols-typescript cache-miss
68 http fetch GET 200 https://registry.npmjs.org/color 55ms (cache miss)
69 silly packumentCache full:https://registry.npmjs.org/color set size:undefined disposed:false
70 silly fetch manifest warn-once@^0.1.1
71 silly packumentCache full:https://registry.npmjs.org/warn-once cache-miss
72 http fetch GET 200 https://registry.npmjs.org/sf-symbols-typescript 40ms (cache miss)
73 silly packumentCache full:https://registry.npmjs.org/sf-symbols-typescript set size:undefined disposed:false
74 silly fetch manifest warn-once@^0.1.0
75 silly packumentCache full:https://registry.npmjs.org/warn-once cache-miss
76 http fetch GET 200 https://registry.npmjs.org/warn-once 373ms (cache miss)
77 silly packumentCache full:https://registry.npmjs.org/warn-once set size:undefined disposed:false
78 silly fetch manifest react-freeze@^1.0.0
79 silly packumentCache full:https://registry.npmjs.org/react-freeze cache-miss
80 http fetch GET 200 https://registry.npmjs.org/warn-once 379ms (cache miss)
81 silly packumentCache full:https://registry.npmjs.org/warn-once set size:undefined disposed:false
82 http fetch GET 200 https://registry.npmjs.org/@react-navigation%2felements 467ms (cache miss)
83 silly packumentCache full:https://registry.npmjs.org/@react-navigation%2felements set size:undefined disposed:false
84 http fetch GET 200 https://registry.npmjs.org/react-freeze 38ms (cache miss)
85 silly packumentCache full:https://registry.npmjs.org/react-freeze set size:undefined disposed:false
86 silly fetch manifest react@>= 18.2.0
87 silly packumentCache full:https://registry.npmjs.org/react cache-miss
88 http cache https://registry.npmjs.org/react 30ms (cache hit)
89 silly packumentCache full:https://registry.npmjs.org/react set size:6646698 disposed:false
90 silly placeDep ROOT @react-navigation/core@7.17.3 OK for: @react-navigation/native@7.2.3 want: ^7.17.3
91 silly placeDep node_modules/@react-navigation/native escape-string-regexp@4.0.0 OK for: @react-navigation/native@7.2.3 want: ^4.0.0
92 silly placeDep ROOT fast-deep-equal@3.1.3 OK for: @react-navigation/native@7.2.3 want: ^3.1.3
93 silly placeDep ROOT use-latest-callback@0.2.6 OK for: @react-navigation/native@7.2.3 want: ^0.2.4
94 silly fetch manifest @react-navigation/routers@^7.5.4
95 silly packumentCache full:https://registry.npmjs.org/@react-navigation%2frouters cache-miss
96 silly fetch manifest query-string@^7.1.3
97 silly packumentCache full:https://registry.npmjs.org/query-string cache-miss
98 silly fetch manifest react-is@^19.1.0
99 silly packumentCache full:https://registry.npmjs.org/react-is cache-miss
100 http fetch GET 200 https://registry.npmjs.org/@react-navigation%2frouters 152ms (cache miss)
101 silly packumentCache full:https://registry.npmjs.org/@react-navigation%2frouters set size:undefined disposed:false
102 silly fetch manifest use-sync-external-store@^1.5.0
103 silly packumentCache full:https://registry.npmjs.org/use-sync-external-store cache-miss
104 http fetch GET 200 https://registry.npmjs.org/react-is 252ms (cache miss)
105 silly packumentCache full:https://registry.npmjs.org/react-is set size:undefined disposed:false
106 http fetch GET 200 https://registry.npmjs.org/query-string 314ms (cache miss)
107 silly packumentCache full:https://registry.npmjs.org/query-string set size:undefined disposed:false
108 http fetch GET 200 https://registry.npmjs.org/use-sync-external-store 246ms (cache miss)
109 silly packumentCache full:https://registry.npmjs.org/use-sync-external-store set size:undefined disposed:false
110 silly placeDep ROOT @react-navigation/routers@7.5.4 OK for: @react-navigation/core@7.17.3 want: ^7.5.4
111 silly placeDep node_modules/@react-navigation/core escape-string-regexp@4.0.0 OK for: @react-navigation/core@7.17.3 want: ^4.0.0
112 silly placeDep ROOT query-string@7.1.3 OK for: @react-navigation/core@7.17.3 want: ^7.1.3
113 silly placeDep node_modules/@react-navigation/core react-is@19.2.6 OK for: @react-navigation/core@7.17.3 want: ^19.1.0
114 silly placeDep ROOT use-sync-external-store@1.6.0 OK for: @react-navigation/core@7.17.3 want: ^1.5.0
115 silly fetch manifest filter-obj@^1.1.0
116 silly packumentCache full:https://registry.npmjs.org/filter-obj cache-miss
117 silly fetch manifest split-on-first@^1.0.0
118 silly packumentCache full:https://registry.npmjs.org/split-on-first cache-miss
119 silly fetch manifest strict-uri-encode@^2.0.0
120 silly packumentCache full:https://registry.npmjs.org/strict-uri-encode cache-miss
121 http fetch GET 200 https://registry.npmjs.org/split-on-first 38ms (cache miss)
122 silly packumentCache full:https://registry.npmjs.org/split-on-first set size:undefined disposed:false
123 silly fetch manifest decode-uri-component@^0.2.2
124 silly packumentCache full:https://registry.npmjs.org/decode-uri-component cache-miss
125 http fetch GET 200 https://registry.npmjs.org/decode-uri-component 49ms (cache miss)
126 silly packumentCache full:https://registry.npmjs.org/decode-uri-component set size:undefined disposed:false
127 http fetch GET 200 https://registry.npmjs.org/filter-obj 201ms (cache miss)
128 silly packumentCache full:https://registry.npmjs.org/filter-obj set size:undefined disposed:false
129 http fetch GET 200 https://registry.npmjs.org/strict-uri-encode 206ms (cache miss)
130 silly packumentCache full:https://registry.npmjs.org/strict-uri-encode set size:undefined disposed:false
131 silly fetch manifest @react-native-masked-view/masked-view@>= 0.2.0
132 silly packumentCache full:https://registry.npmjs.org/@react-native-masked-view%2fmasked-view cache-miss
133 http fetch GET 200 https://registry.npmjs.org/@react-native-masked-view%2fmasked-view 217ms (cache miss)
134 silly packumentCache full:https://registry.npmjs.org/@react-native-masked-view%2fmasked-view set size:undefined disposed:false
135 silly fetch manifest react-native@*
136 silly packumentCache full:https://registry.npmjs.org/react-native cache-miss
137 http cache https://registry.npmjs.org/react-native 59ms (cache hit)
138 silly packumentCache full:https://registry.npmjs.org/react-native set size:15245129 disposed:false
139 silly fetch manifest @react-native/jest-preset@0.85.3
140 silly packumentCache full:https://registry.npmjs.org/@react-native%2fjest-preset cache-miss
141 http fetch GET 200 https://registry.npmjs.org/@react-native%2fjest-preset 69ms (cache miss)
142 silly packumentCache full:https://registry.npmjs.org/@react-native%2fjest-preset set size:undefined disposed:false
143 silly fetch manifest @types/react@^19.1.1
144 silly packumentCache full:https://registry.npmjs.org/@types%2freact cache-miss
145 http cache https://registry.npmjs.org/@types%2freact 13ms (cache hit)
146 silly packumentCache full:https://registry.npmjs.org/@types%2freact set size:2588964 disposed:false
147 silly fetch manifest @react-navigation/native@^7.2.3
148 silly packumentCache full:https://registry.npmjs.org/@react-navigation%2fnative cache-miss
149 http cache https://registry.npmjs.org/@react-navigation%2fnative 38ms (cache hit)
150 silly packumentCache full:https://registry.npmjs.org/@react-navigation%2fnative set size:1083600 disposed:false
151 silly placeDep ROOT @react-navigation/elements@2.9.16 OK for: @react-navigation/native-stack@7.14.13 want: ^2.9.16
152 silly placeDep ROOT color@4.2.3 OK for: @react-navigation/native-stack@7.14.13 want: ^4.2.3
153 silly placeDep ROOT sf-symbols-typescript@2.2.0 OK for: @react-navigation/native-stack@7.14.13 want: ^2.1.0
154 silly placeDep ROOT warn-once@0.1.1 OK for: @react-navigation/native-stack@7.14.13 want: ^0.1.1
155 silly fetch manifest color-string@^1.9.0
156 silly packumentCache full:https://registry.npmjs.org/color-string cache-miss
157 silly fetch manifest color-convert@^2.0.1
158 silly packumentCache full:https://registry.npmjs.org/color-convert cache-miss
159 http fetch GET 200 https://registry.npmjs.org/color-convert 75ms (cache miss)
160 silly packumentCache full:https://registry.npmjs.org/color-convert set size:undefined disposed:false
161 http fetch GET 200 https://registry.npmjs.org/color-string 429ms (cache miss)
162 silly packumentCache full:https://registry.npmjs.org/color-string set size:undefined disposed:false
163 silly placeDep node_modules/color color-convert@2.0.1 OK for: color@4.2.3 want: ^2.0.1
164 silly placeDep ROOT color-string@1.9.1 OK for: color@4.2.3 want: ^1.9.0
165 silly fetch manifest color-name@~1.1.4
166 silly packumentCache full:https://registry.npmjs.org/color-name cache-miss
167 silly fetch manifest simple-swizzle@^0.2.2
168 silly packumentCache full:https://registry.npmjs.org/simple-swizzle cache-miss
169 http fetch GET 200 https://registry.npmjs.org/color-name 140ms (cache miss)
170 silly packumentCache full:https://registry.npmjs.org/color-name set size:undefined disposed:false
171 http fetch GET 200 https://registry.npmjs.org/simple-swizzle 196ms (cache miss)
172 silly packumentCache full:https://registry.npmjs.org/simple-swizzle set size:undefined disposed:false
173 silly placeDep ROOT simple-swizzle@0.2.4 OK for: color-string@1.9.1 want: ^0.2.2
174 silly fetch manifest is-arrayish@^0.3.1
175 silly packumentCache full:https://registry.npmjs.org/is-arrayish cache-miss
176 http fetch GET 200 https://registry.npmjs.org/is-arrayish 60ms (cache miss)
177 silly packumentCache full:https://registry.npmjs.org/is-arrayish set size:undefined disposed:false
178 silly placeDep ROOT decode-uri-component@0.2.2 OK for: query-string@7.1.3 want: ^0.2.2
179 silly placeDep ROOT filter-obj@1.1.0 OK for: query-string@7.1.3 want: ^1.1.0
180 silly placeDep ROOT split-on-first@1.1.0 OK for: query-string@7.1.3 want: ^1.0.0
181 silly placeDep ROOT strict-uri-encode@2.0.0 OK for: query-string@7.1.3 want: ^2.0.0
182 silly fetch manifest react@*
183 silly packumentCache full:https://registry.npmjs.org/react cache-miss
184 http cache https://registry.npmjs.org/react 23ms (cache hit)
185 silly packumentCache full:https://registry.npmjs.org/react set size:6646698 disposed:false
186 silly placeDep ROOT react-freeze@1.0.4 OK for: react-native-screens@4.24.0 want: ^1.0.0
187 silly placeDep ROOT is-arrayish@0.3.4 OK for: simple-swizzle@0.2.4 want: ^0.3.1
188 silly placeDep node_modules/color color-name@1.1.4 OK for: color-convert@2.0.1 want: ~1.1.4
189 silly reify moves {}
190 silly audit bulk request {
190 silly audit   '@0no-co/graphql.web': [ '1.2.0' ],
190 silly audit   '@babel/code-frame': [ '7.10.4', '7.29.0' ],
190 silly audit   '@babel/compat-data': [ '7.29.3' ],
190 silly audit   '@babel/core': [ '7.29.0' ],
190 silly audit   semver: [ '6.3.1', '7.7.4' ],
190 silly audit   '@babel/generator': [ '7.29.1' ],
190 silly audit   '@babel/helper-annotate-as-pure': [ '7.27.3' ],
190 silly audit   '@babel/helper-compilation-targets': [ '7.28.6' ],
190 silly audit   '@babel/helper-create-class-features-plugin': [ '7.29.3' ],
190 silly audit   '@babel/helper-create-regexp-features-plugin': [ '7.28.5' ],
190 silly audit   '@babel/helper-define-polyfill-provider': [ '0.6.8' ],
190 silly audit   '@babel/helper-globals': [ '7.28.0' ],
190 silly audit   '@babel/helper-member-expression-to-functions': [ '7.28.5' ],
190 silly audit   '@babel/helper-module-imports': [ '7.28.6' ],
190 silly audit   '@babel/helper-module-transforms': [ '7.28.6' ],
190 silly audit   '@babel/helper-optimise-call-expression': [ '7.27.1' ],
190 silly audit   '@babel/helper-plugin-utils': [ '7.28.6' ],
190 silly audit   '@babel/helper-remap-async-to-generator': [ '7.27.1' ],
190 silly audit   '@babel/helper-replace-supers': [ '7.28.6' ],
190 silly audit   '@babel/helper-skip-transparent-expression-wrappers': [ '7.27.1' ],
190 silly audit   '@babel/helper-string-parser': [ '7.27.1' ],
190 silly audit   '@babel/helper-validator-identifier': [ '7.28.5' ],
190 silly audit   '@babel/helper-validator-option': [ '7.27.1' ],
190 silly audit   '@babel/helper-wrap-function': [ '7.28.6' ],
190 silly audit   '@babel/helpers': [ '7.29.2' ],
190 silly audit   '@babel/highlight': [ '7.25.9' ],
190 silly audit   '@babel/parser': [ '7.29.3' ],
190 silly audit   '@babel/plugin-proposal-decorators': [ '7.29.0' ],
190 silly audit   '@babel/plugin-proposal-export-default-from': [ '7.27.1' ],
190 silly audit   '@babel/plugin-syntax-async-generators': [ '7.8.4' ],
190 silly audit   '@babel/plugin-syntax-bigint': [ '7.8.3' ],
190 silly audit   '@babel/plugin-syntax-class-properties': [ '7.12.13' ],
190 silly audit   '@babel/plugin-syntax-class-static-block': [ '7.14.5' ],
190 silly audit   '@babel/plugin-syntax-decorators': [ '7.28.6' ],
190 silly audit   '@babel/plugin-syntax-dynamic-import': [ '7.8.3' ],
190 silly audit   '@babel/plugin-syntax-export-default-from': [ '7.28.6' ],
190 silly audit   '@babel/plugin-syntax-flow': [ '7.28.6' ],
190 silly audit   '@babel/plugin-syntax-import-attributes': [ '7.28.6' ],
190 silly audit   '@babel/plugin-syntax-import-meta': [ '7.10.4' ],
190 silly audit   '@babel/plugin-syntax-json-strings': [ '7.8.3' ],
190 silly audit   '@babel/plugin-syntax-jsx': [ '7.28.6' ],
190 silly audit   '@babel/plugin-syntax-logical-assignment-operators': [ '7.10.4' ],
190 silly audit   '@babel/plugin-syntax-nullish-coalescing-operator': [ '7.8.3' ],
190 silly audit   '@babel/plugin-syntax-numeric-separator': [ '7.10.4' ],
190 silly audit   '@babel/plugin-syntax-object-rest-spread': [ '7.8.3' ],
190 silly audit   '@babel/plugin-syntax-optional-catch-binding': [ '7.8.3' ],
190 silly audit   '@babel/plugin-syntax-optional-chaining': [ '7.8.3' ],
190 silly audit   '@babel/plugin-syntax-private-property-in-object': [ '7.14.5' ],
190 silly audit   '@babel/plugin-syntax-top-level-await': [ '7.14.5' ],
190 silly audit   '@babel/plugin-syntax-typescript': [ '7.28.6' ],
190 silly audit   '@babel/plugin-transform-arrow-functions': [ '7.27.1' ],
190 silly audit   '@babel/plugin-transform-async-generator-functions': [ '7.29.0' ],
190 silly audit   '@babel/plugin-transform-async-to-generator': [ '7.28.6' ],
190 silly audit   '@babel/plugin-transform-block-scoping': [ '7.28.6' ],
190 silly audit   '@babel/plugin-transform-class-properties': [ '7.28.6' ],
190 silly audit   '@babel/plugin-transform-class-static-block': [ '7.28.6' ],
190 silly audit   '@babel/plugin-transform-classes': [ '7.28.6' ],
190 silly audit   '@babel/plugin-transform-computed-properties': [ '7.28.6' ],
190 silly audit   '@babel/plugin-transform-destructuring': [ '7.28.5' ],
190 silly audit   '@babel/plugin-transform-export-namespace-from': [ '7.27.1' ],
190 silly audit   '@babel/plugin-transform-flow-strip-types': [ '7.27.1' ],
190 silly audit   '@babel/plugin-transform-for-of': [ '7.27.1' ],
190 silly audit   '@babel/plugin-transform-function-name': [ '7.27.1' ],
190 silly audit   '@babel/plugin-transform-literals': [ '7.27.1' ],
190 silly audit   '@babel/plugin-transform-logical-assignment-operators': [ '7.28.6' ],
190 silly audit   '@babel/plugin-transform-modules-commonjs': [ '7.28.6' ],
190 silly audit   '@babel/plugin-transform-named-capturing-groups-regex': [ '7.29.0' ],
190 silly audit   '@babel/plugin-transform-nullish-coalescing-operator': [ '7.28.6' ],
190 silly audit   '@babel/plugin-transform-numeric-separator': [ '7.28.6' ],
190 silly audit   '@babel/plugin-transform-object-rest-spread': [ '7.28.6' ],
190 silly audit   '@babel/plugin-transform-optional-catch-binding': [ '7.28.6' ],
190 silly audit   '@babel/plugin-transform-optional-chaining': [ '7.28.6' ],
190 silly audit   '@babel/plugin-transform-parameters': [ '7.27.7' ],
190 silly audit   '@babel/plugin-transform-private-methods': [ '7.28.6' ],
190 silly audit   '@babel/plugin-transform-private-property-in-object': [ '7.28.6' ],
190 silly audit   '@babel/plugin-transform-react-display-name': [ '7.28.0' ],
190 silly audit   '@babel/plugin-transform-react-jsx': [ '7.28.6' ],
190 silly audit   '@babel/plugin-transform-react-jsx-development': [ '7.27.1' ],
190 silly audit   '@babel/plugin-transform-react-jsx-self': [ '7.27.1' ],
190 silly audit   '@babel/plugin-transform-react-jsx-source': [ '7.27.1' ],
190 silly audit   '@babel/plugin-transform-react-pure-annotations': [ '7.27.1' ],
190 silly audit   '@babel/plugin-transform-regenerator': [ '7.29.0' ],
190 silly audit   '@babel/plugin-transform-runtime': [ '7.29.0' ],
190 silly audit   '@babel/plugin-transform-shorthand-properties': [ '7.27.1' ],
190 silly audit   '@babel/plugin-transform-spread': [ '7.28.6' ],
190 silly audit   '@babel/plugin-transform-sticky-regex': [ '7.27.1' ],
190 silly audit   '@babel/plugin-transform-typescript': [ '7.28.6' ],
190 silly audit   '@babel/plugin-transform-unicode-regex': [ '7.27.1' ],
190 silly audit   '@babel/preset-react': [ '7.28.5' ],
190 silly audit   '@babel/preset-typescript': [ '7.28.5' ],
190 silly audit   '@babel/runtime': [ '7.29.2' ],
190 silly audit   '@babel/template': [ '7.28.6' ],
190 silly audit   '@babel/traverse': [ '7.29.0' ],
190 silly audit   '@babel/types': [ '7.29.0' ],
190 silly audit   '@expo/code-signing-certificates': [ '0.0.6' ],
190 silly audit   '@expo/config': [ '12.0.13' ],
190 silly audit   '@expo/config-plugins': [ '54.0.4' ],
190 silly audit   'ansi-styles': [ '4.3.0', '3.2.1', '5.2.0' ],
190 silly audit   chalk: [ '4.1.2', '2.4.2' ],
190 silly audit   'color-convert': [ '2.0.1', '1.9.3' ],
190 silly audit   'color-name': [ '1.1.4', '1.1.3' ],
190 silly audit   'has-flag': [ '4.0.0', '3.0.0' ],
190 silly audit   'supports-color': [ '7.2.0', '8.1.1', '5.5.0' ],
190 silly audit   '@expo/config-types': [ '54.0.10' ],
190 silly audit   '@expo/devcert': [ '1.2.1' ],
190 silly audit   debug: [ '3.2.7', '2.6.9', '4.4.3' ],
190 silly audit   '@expo/devtools': [ '0.1.8' ],
190 silly audit   '@expo/env': [ '2.0.11' ],
190 silly audit   '@expo/fingerprint': [ '0.15.5' ],
190 silly audit   '@expo/image-utils': [ '0.8.14' ],
190 silly audit   '@expo/json-file': [ '10.0.14' ],
190 silly audit   '@expo/metro': [ '54.2.0' ],
190 silly audit   '@expo/osascript': [ '2.4.3' ],
190 silly audit   '@expo/package-manager': [ '1.10.5' ],
190 silly audit   '@expo/plist': [ '0.4.8' ],
190 silly audit   '@expo/require-utils': [ '55.0.5' ],
190 silly audit   '@expo/schema-utils': [ '0.1.8' ],
190 silly audit   '@expo/sdk-runtime-versions': [ '1.0.0' ],
190 silly audit   '@expo/spawn-async': [ '1.7.2' ],
190 silly audit   '@expo/sudo-prompt': [ '9.3.2' ],
190 silly audit   '@expo/ws-tunnel': [ '1.0.6' ],
190 silly audit   '@expo/xcpretty': [ '4.4.4' ],
190 silly audit   argparse: [ '2.0.1', '1.0.10' ],
190 silly audit   'js-yaml': [ '4.1.1', '3.14.2' ],
190 silly audit   '@isaacs/fs-minipass': [ '4.0.1' ],
190 silly audit   '@isaacs/ttlcache': [ '1.4.1' ],
190 silly audit   '@istanbuljs/load-nyc-config': [ '1.1.0' ],
190 silly audit   camelcase: [ '5.3.1', '6.3.0' ],
190 silly audit   '@istanbuljs/schema': [ '0.1.6' ],
190 silly audit   '@jest/create-cache-key-function': [ '29.7.0' ],
190 silly audit   '@jest/environment': [ '29.7.0' ],
190 silly audit   '@jest/fake-timers': [ '29.7.0' ],
190 silly audit   '@jest/schemas': [ '29.6.3' ],
190 silly audit   '@jest/transform': [ '29.7.0' ],
190 silly audit   '@jest/types': [ '29.6.3' ],
190 silly audit   '@jridgewell/gen-mapping': [ '0.3.13' ],
190 silly audit   '@jridgewell/remapping': [ '2.3.5' ],
190 silly audit   '@jridgewell/resolve-uri': [ '3.1.2' ],
190 silly audit   '@jridgewell/source-map': [ '0.3.11' ],
190 silly audit   '@jridgewell/sourcemap-codec': [ '1.5.5' ],
190 silly audit   '@jridgewell/trace-mapping': [ '0.3.31' ],
190 silly audit   '@react-native/assets-registry': [ '0.81.5' ],
190 silly audit   '@react-native/babel-plugin-codegen': [ '0.81.5' ],
190 silly audit   '@react-native/babel-preset': [ '0.81.5' ],
190 silly audit   '@react-native/codegen': [ '0.81.5' ],
190 silly audit   'balanced-match': [ '1.0.2', '4.0.4' ],
190 silly audit   'brace-expansion': [ '1.1.14', '5.0.5', '2.1.0' ],
190 silly audit   glob: [ '7.2.3', '13.0.6' ],
190 silly audit   'hermes-estree': [ '0.29.1', '0.32.0' ],
190 silly audit   'hermes-parser': [ '0.29.1', '0.32.0' ],
190 silly audit   minimatch: [ '3.1.5', '9.0.9', '10.2.5' ],
190 silly audit   '@react-native/community-cli-plugin': [ '0.81.5' ],
190 silly audit   '@react-native/debugger-frontend': [ '0.81.5' ],
190 silly audit   '@react-native/dev-middleware': [ '0.81.5' ],
190 silly audit   ws: [ '6.2.3', '8.20.0', '7.5.10' ],
190 silly audit   '@react-native/gradle-plugin': [ '0.81.5' ],
190 silly audit   '@react-native/js-polyfills': [ '0.81.5' ],
190 silly audit   '@react-native/normalize-colors': [ '0.81.5' ],
190 silly audit   '@sinclair/typebox': [ '0.27.10' ],
190 silly audit   '@sinonjs/commons': [ '3.0.1' ],
190 silly audit   '@sinonjs/fake-timers': [ '10.3.0' ],
190 silly audit   '@types/babel__core': [ '7.20.5' ],
190 silly audit   '@types/babel__generator': [ '7.27.0' ],
190 silly audit   '@types/babel__template': [ '7.4.4' ],
190 silly audit   '@types/babel__traverse': [ '7.28.0' ],
190 silly audit   '@types/graceful-fs': [ '4.1.9' ],
190 silly audit   '@types/istanbul-lib-coverage': [ '2.0.6' ],
190 silly audit   '@types/istanbul-lib-report': [ '3.0.3' ],
190 silly audit   '@types/istanbul-reports': [ '3.0.4' ],
190 silly audit   '@types/node': [ '25.6.0' ],
190 silly audit   '@types/react': [ '19.1.17' ],
190 silly audit   '@types/stack-utils': [ '2.0.3' ],
190 silly audit   '@types/yargs': [ '17.0.35' ],
190 silly audit   '@types/yargs-parser': [ '21.0.3' ],
190 silly audit   '@ungap/structured-clone': [ '1.3.1' ],
190 silly audit   '@urql/core': [ '5.2.0' ],
190 silly audit   '@urql/exchange-retry': [ '1.3.2' ],
190 silly audit   '@xmldom/xmldom': [ '0.8.13', '0.9.10' ],
190 silly audit   'abort-controller': [ '3.0.0' ],
190 silly audit   accepts: [ '1.3.8' ],
190 silly audit   acorn: [ '8.16.0' ],
190 silly audit   'agent-base': [ '7.1.4' ],
190 silly audit   anser: [ '1.4.10' ],
190 silly audit   'ansi-escapes': [ '4.3.2' ],
190 silly audit   'type-fest': [ '0.21.3', '0.7.1' ],
190 silly audit   'ansi-regex': [ '5.0.1', '4.1.1' ],
190 silly audit   'any-promise': [ '1.3.0' ],
190 silly audit   anymatch: [ '3.1.3' ],
190 silly audit   arg: [ '5.0.2' ],
190 silly audit   asap: [ '2.0.6' ],
190 silly audit   'async-limiter': [ '1.0.1' ],
190 silly audit   'babel-jest': [ '29.7.0' ],
190 silly audit   'babel-plugin-istanbul': [ '6.1.1' ],
190 silly audit   'babel-plugin-jest-hoist': [ '29.6.3' ],
190 silly audit   'babel-plugin-polyfill-corejs2': [ '0.4.17' ],
190 silly audit   'babel-plugin-polyfill-corejs3': [ '0.13.0' ],
190 silly audit   'babel-plugin-polyfill-regenerator': [ '0.6.8' ],
190 silly audit   'babel-plugin-react-compiler': [ '1.0.0' ],
190 silly audit   'babel-plugin-react-native-web': [ '0.21.2' ],
190 silly audit   'babel-plugin-syntax-hermes-parser': [ '0.29.1' ],
190 silly audit   'babel-plugin-transform-flow-enums': [ '0.0.2' ],
190 silly audit   'babel-preset-current-node-syntax': [ '1.2.0' ],
190 silly audit   'babel-preset-jest': [ '29.6.3' ],
190 silly audit   'base64-js': [ '1.5.1' ],
190 silly audit   'baseline-browser-mapping': [ '2.10.27' ],
190 silly audit   'better-opn': [ '3.0.2' ],
190 silly audit   open: [ '8.4.2', '7.4.2' ],
190 silly audit   'big-integer': [ '1.6.52' ],
190 silly audit   'bplist-creator': [ '0.1.0' ],
190 silly audit   'bplist-parser': [ '0.3.1' ],
190 silly audit   braces: [ '3.0.3' ],
190 silly audit   browserslist: [ '4.28.2' ],
190 silly audit   bser: [ '2.1.1' ],
190 silly audit   buffer: [ '5.7.1' ],
190 silly audit   'buffer-from': [ '1.1.2' ],
190 silly audit   bytes: [ '3.1.2' ],
190 silly audit   'caniuse-lite': [ '1.0.30001792' ],
190 silly audit   chownr: [ '3.0.0' ],
190 silly audit   'chrome-launcher': [ '0.15.2' ],
190 silly audit   'escape-string-regexp': [ '4.0.0', '1.0.5', '2.0.0' ],
190 silly audit   'chromium-edge-launcher': [ '0.2.0' ],
190 silly audit   'ci-info': [ '2.0.0', '3.9.0' ],
190 silly audit   'cli-cursor': [ '2.1.0' ],
190 silly audit   'cli-spinners': [ '2.9.2' ],
190 silly audit   cliui: [ '8.0.1' ],
190 silly audit   clone: [ '1.0.4' ],
190 silly audit   commander: [ '7.2.0', '12.1.0', '4.1.1', '2.20.3' ],
190 silly audit   compressible: [ '2.0.18' ],
190 silly audit   compression: [ '1.8.1' ],
190 silly audit   ms: [ '2.0.0', '2.1.3' ],
190 silly audit   negotiator: [ '0.6.4', '0.6.3' ],
190 silly audit   'concat-map': [ '0.0.1' ],
190 silly audit   connect: [ '3.7.0' ],
190 silly audit   'convert-source-map': [ '2.0.0' ],
190 silly audit   'core-js-compat': [ '3.49.0' ],
190 silly audit   'cross-spawn': [ '7.0.6' ],
190 silly audit   csstype: [ '3.2.3' ],
190 silly audit   'deep-extend': [ '0.6.0' ],
190 silly audit   deepmerge: [ '4.3.1' ],
190 silly audit   defaults: [ '1.0.4' ],
190 silly audit   'define-lazy-prop': [ '2.0.0' ],
190 silly audit   depd: [ '2.0.0' ],
190 silly audit   destroy: [ '1.2.0' ],
190 silly audit   'detect-libc': [ '2.1.2' ],
190 silly audit   dotenv: [ '16.4.7' ],
190 silly audit   'dotenv-expand': [ '11.0.7' ],
190 silly audit   'ee-first': [ '1.1.1' ],
190 silly audit   'electron-to-chromium': [ '1.5.352' ],
190 silly audit   'emoji-regex': [ '8.0.0' ],
190 silly audit   encodeurl: [ '1.0.2', '2.0.0' ],
190 silly audit   'env-editor': [ '0.4.2' ],
190 silly audit   'error-stack-parser': [ '2.1.4' ],
190 silly audit   'es-errors': [ '1.3.0' ],
190 silly audit   escalade: [ '3.2.0' ],
190 silly audit   'escape-html': [ '1.0.3' ],
190 silly audit   esprima: [ '4.0.1' ],
190 silly audit   etag: [ '1.8.1' ],
190 silly audit   'event-target-shim': [ '5.0.1' ],
190 silly audit   expo: [ '54.0.34' ],
190 silly audit   'expo-modules-autolinking': [ '3.0.25' ],
190 silly audit   'expo-modules-core': [ '3.0.30' ],
190 silly audit   'expo-server': [ '1.0.6' ],
190 silly audit   'expo-status-bar': [ '3.0.9' ],
190 silly audit   '@expo/cli': [ '54.0.24' ],
190 silly audit   '@expo/prebuild-config': [ '54.0.8' ],
190 silly audit   '@expo/metro-config': [ '54.0.15' ],
190 silly audit   '@expo/vector-icons': [ '15.1.1' ],
190 silly audit   'babel-preset-expo': [ '54.0.10' ],
190 silly audit   'expo-asset': [ '12.0.13' ],
190 silly audit   'expo-constants': [ '18.0.13' ],
190 silly audit   'expo-file-system': [ '19.0.22' ],
190 silly audit   'expo-font': [ '14.0.11' ],
190 silly audit   'expo-keep-awake': [ '15.0.8' ],
190 silly audit   picomatch: [ '4.0.4', '2.3.2' ],
190 silly audit   'exponential-backoff': [ '3.1.3' ],
190 silly audit   'fast-json-stable-stringify': [ '2.1.0' ],
190 silly audit   'fb-watchman': [ '2.0.2' ],
190 silly audit   'fill-range': [ '7.1.1' ],
190 silly audit   finalhandler: [ '1.1.2' ],
190 silly audit   'find-up': [ '4.1.0' ],
190 silly audit   'flow-enums-runtime': [ '0.0.6' ],
190 silly audit   fontfaceobserver: [ '2.3.0' ],
190 silly audit   'freeport-async': [ '2.0.0' ],
190 silly audit   fresh: [ '0.5.2' ],
190 silly audit   'fs.realpath': [ '1.0.0' ],
190 silly audit   fsevents: [ '2.3.3' ],
190 silly audit   'function-bind': [ '1.1.2' ],
190 silly audit   gensync: [ '1.0.0-beta.2' ],
190 silly audit   'get-caller-file': [ '2.0.5' ],
190 silly audit   'get-package-type': [ '0.1.0' ],
190 silly audit   getenv: [ '2.0.0' ],
190 silly audit   'graceful-fs': [ '4.2.11' ],
190 silly audit   hasown: [ '2.0.3' ],
190 silly audit   'hosted-git-info': [ '7.0.2' ],
190 silly audit   'lru-cache': [ '10.4.3', '5.1.1', '11.3.6' ],
190 silly audit   'http-errors': [ '2.0.1' ],
190 silly audit   statuses: [ '2.0.2', '1.5.0' ],
190 silly audit   'https-proxy-agent': [ '7.0.6' ],
190 silly audit   ieee754: [ '1.2.1' ],
190 silly audit   ignore: [ '5.3.2' ],
190 silly audit   'image-size': [ '1.2.1' ],
190 silly audit   imurmurhash: [ '0.1.4' ],
190 silly audit   inflight: [ '1.0.6' ],
190 silly audit   inherits: [ '2.0.4' ],
190 silly audit   ini: [ '1.3.8' ],
190 silly audit   invariant: [ '2.2.4' ],
190 silly audit   'is-core-module': [ '2.16.2' ],
190 silly audit   'is-docker': [ '2.2.1' ],
190 silly audit   'is-fullwidth-code-point': [ '3.0.0' ],
190 silly audit   'is-number': [ '7.0.0' ],
190 silly audit   'is-wsl': [ '2.2.0' ],
190 silly audit   isexe: [ '2.0.0' ],
190 silly audit   'istanbul-lib-coverage': [ '3.2.2' ],
190 silly audit   'istanbul-lib-instrument': [ '5.2.1' ],
190 silly audit   'jest-environment-node': [ '29.7.0' ],
190 silly audit   'jest-get-type': [ '29.6.3' ],
190 silly audit   'jest-haste-map': [ '29.7.0' ],
190 silly audit   'jest-message-util': [ '29.7.0' ],
190 silly audit   'jest-mock': [ '29.7.0' ],
190 silly audit   'jest-regex-util': [ '29.6.3' ],
190 silly audit   'jest-util': [ '29.7.0' ],
190 silly audit   'jest-validate': [ '29.7.0' ],
190 silly audit   'jest-worker': [ '29.7.0' ],
190 silly audit   'jimp-compact': [ '0.16.1' ],
190 silly audit   'js-tokens': [ '4.0.0' ],
190 silly audit   'jsc-safe-url': [ '0.2.4' ],
190 silly audit   jsesc: [ '3.1.0' ],
190 silly audit   json5: [ '2.2.3' ],
190 silly audit   kleur: [ '3.0.3' ],
190 silly audit   'lan-network': [ '0.2.1' ],
190 silly audit   leven: [ '3.1.0' ],
190 silly audit   'lighthouse-logger': [ '1.4.2' ],
190 silly audit   lightningcss: [ '1.32.0' ],
190 silly audit   'lightningcss-android-arm64': [ '1.32.0' ],
190 silly audit   'lightningcss-darwin-arm64': [ '1.32.0' ],
190 silly audit   'lightningcss-darwin-x64': [ '1.32.0' ],
190 silly audit   'lightningcss-freebsd-x64': [ '1.32.0' ],
190 silly audit   'lightningcss-linux-arm-gnueabihf': [ '1.32.0' ],
190 silly audit   'lightningcss-linux-arm64-gnu': [ '1.32.0' ],
190 silly audit   'lightningcss-linux-arm64-musl': [ '1.32.0' ],
190 silly audit   'lightningcss-linux-x64-gnu': [ '1.32.0' ],
190 silly audit   'lightningcss-linux-x64-musl': [ '1.32.0' ],
190 silly audit   'lightningcss-win32-arm64-msvc': [ '1.32.0' ],
190 silly audit   'lightningcss-win32-x64-msvc': [ '1.32.0' ],
190 silly audit   'lines-and-columns': [ '1.2.4' ],
190 silly audit   'locate-path': [ '5.0.0' ],
190 silly audit   'lodash.debounce': [ '4.0.8' ],
190 silly audit   'lodash.throttle': [ '4.1.1' ],
190 silly audit   'log-symbols': [ '2.2.0' ],
190 silly audit   'loose-envify': [ '1.4.0' ],
190 silly audit   makeerror: [ '1.0.12' ],
190 silly audit   marky: [ '1.3.0' ],
190 silly audit   'memoize-one': [ '5.2.1' ],
190 silly audit   'merge-stream': [ '2.0.0' ],
190 silly audit   metro: [ '0.83.3' ],
190 silly audit   'metro-babel-transformer': [ '0.83.3' ],
190 silly audit   'metro-cache': [ '0.83.3' ],
190 silly audit   'metro-cache-key': [ '0.83.3' ],
190 silly audit   'metro-config': [ '0.83.3' ],
190 silly audit   'metro-core': [ '0.83.3' ],
190 silly audit   'metro-file-map': [ '0.83.3' ],
190 silly audit   'metro-minify-terser': [ '0.83.3' ],
190 silly audit   'metro-resolver': [ '0.83.3' ],
190 silly audit   'metro-runtime': [ '0.83.3' ],
190 silly audit   'metro-source-map': [ '0.83.3' ],
190 silly audit   'metro-symbolicate': [ '0.83.3' ],
190 silly audit   'metro-transform-plugins': [ '0.83.3' ],
190 silly audit   'metro-transform-worker': [ '0.83.3' ],
190 silly audit   micromatch: [ '4.0.8' ],
190 silly audit   mime: [ '1.6.0' ],
190 silly audit   'mime-db': [ '1.52.0' ],
190 silly audit   'mime-types': [ '2.1.35' ],
190 silly audit   'mimic-fn': [ '1.2.0' ],
190 silly audit   minimist: [ '1.2.8' ],
190 silly audit   minipass: [ '7.1.3' ],
190 silly audit   minizlib: [ '3.1.0' ],
190 silly audit   mkdirp: [ '1.0.4' ],
190 silly audit   mz: [ '2.7.0' ],
190 silly audit   nanoid: [ '3.3.12' ],
190 silly audit   'nested-error-stacks': [ '2.0.1' ],
190 silly audit   'node-forge': [ '1.4.0' ],
190 silly audit   'node-int64': [ '0.4.0' ],
190 silly audit   'node-releases': [ '2.0.38' ],
190 silly audit   'normalize-path': [ '3.0.0' ],
190 silly audit   'npm-package-arg': [ '11.0.3' ],
190 silly audit   nullthrows: [ '1.1.1' ],
190 silly audit   ob1: [ '0.83.3' ],
190 silly audit   'object-assign': [ '4.1.1' ],
190 silly audit   'on-finished': [ '2.3.0', '2.4.1' ],
190 silly audit   'on-headers': [ '1.1.0' ],
190 silly audit   once: [ '1.4.0' ],
190 silly audit   onetime: [ '2.0.1' ],
190 silly audit   ora: [ '3.4.0' ],
190 silly audit   'strip-ansi': [ '5.2.0', '6.0.1' ],
190 silly audit   'p-limit': [ '3.1.0', '2.3.0' ],
190 silly audit   'p-locate': [ '4.1.0' ],
190 silly audit   'p-try': [ '2.2.0' ],
190 silly audit   'parse-png': [ '2.1.0' ],
190 silly audit   parseurl: [ '1.3.3' ],
190 silly audit   'path-exists': [ '4.0.0' ],
190 silly audit   'path-is-absolute': [ '1.0.1' ],
190 silly audit   'path-key': [ '3.1.1' ],
190 silly audit   'path-parse': [ '1.0.7' ],
190 silly audit   'path-scurry': [ '2.0.2' ],
190 silly audit   picocolors: [ '1.1.1' ],
190 silly audit   pirates: [ '4.0.7' ],
190 silly audit   plist: [ '3.1.1' ],
190 silly audit   pngjs: [ '3.4.0' ],
190 silly audit   postcss: [ '8.4.49' ],
190 silly audit   'pretty-bytes': [ '5.6.0' ],
190 silly audit   'pretty-format': [ '29.7.0' ],
190 silly audit   'proc-log': [ '4.2.0' ],
190 silly audit   progress: [ '2.0.3' ],
190 silly audit   promise: [ '8.3.0' ],
190 silly audit   prompts: [ '2.4.2' ],
190 silly audit   punycode: [ '2.3.1' ],
190 silly audit   'qrcode-terminal': [ '0.11.0' ],
190 silly audit   queue: [ '6.0.2' ],
190 silly audit   'range-parser': [ '1.2.1' ],
190 silly audit   rc: [ '1.2.8' ],
190 silly audit   react: [ '19.1.0' ],
190 silly audit   'react-devtools-core': [ '6.1.5' ],
190 silly audit   'react-is': [ '18.3.1', '19.2.6' ],
190 silly audit   'react-native': [ '0.81.5' ],
190 silly audit   'react-native-is-edge-to-edge': [ '1.3.1' ],
190 silly audit   '@react-native/virtualized-lists': [ '0.81.5' ],
190 silly audit   'react-refresh': [ '0.14.2' ],
190 silly audit   regenerate: [ '1.4.2' ],
190 silly audit   'regenerate-unicode-properties': [ '10.2.2' ],
190 silly audit   'regenerator-runtime': [ '0.13.11' ],
190 silly audit   'regexpu-core': [ '6.4.0' ],
190 silly audit   regjsgen: [ '0.8.0' ],
190 silly audit   regjsparser: [ '0.13.1' ],
190 silly audit   'require-directory': [ '2.1.1' ],
190 silly audit   'require-from-string': [ '2.0.2' ],
190 silly audit   requireg: [ '0.2.2' ],
190 silly audit   resolve: [ '1.7.1', '1.22.12' ],
190 silly audit   'resolve-from': [ '5.0.0' ],
190 silly audit   'resolve-workspace-root': [ '2.0.1' ],
190 silly audit   'resolve.exports': [ '2.0.3' ],
190 silly audit   'restore-cursor': [ '2.0.0' ],
190 silly audit   rimraf: [ '3.0.2' ],
190 silly audit   'safe-buffer': [ '5.2.1' ],
190 silly audit   sax: [ '1.6.0' ],
190 silly audit   scheduler: [ '0.26.0' ],
190 silly audit   send: [ '0.19.2' ],
190 silly audit   'serialize-error': [ '2.1.0' ],
190 silly audit   'serve-static': [ '1.16.3' ],
190 silly audit   setprototypeof: [ '1.2.0' ],
190 silly audit   'shebang-command': [ '2.0.0' ],
190 silly audit   'shebang-regex': [ '3.0.0' ],
190 silly audit   'shell-quote': [ '1.8.3' ],
190 silly audit   'signal-exit': [ '3.0.7' ],
190 silly audit   'simple-plist': [ '1.3.1' ],
190 silly audit   sisteransi: [ '1.0.5' ],
190 silly audit   slash: [ '3.0.0' ],
190 silly audit   slugify: [ '1.6.9' ],
190 silly audit   'source-map': [ '0.5.7', '0.6.1' ],
190 silly audit   'source-map-js': [ '1.2.1' ],
190 silly audit   'source-map-support': [ '0.5.21' ],
190 silly audit   'sprintf-js': [ '1.0.3' ],
190 silly audit   'stack-utils': [ '2.0.6' ],
190 silly audit   stackframe: [ '1.3.4' ],
190 silly audit   'stacktrace-parser': [ '0.1.11' ],
190 silly audit   'stream-buffers': [ '2.2.0' ],
190 silly audit   'string-width': [ '4.2.3' ],
190 silly audit   'strip-json-comments': [ '2.0.1' ],
190 silly audit   'structured-headers': [ '0.4.1' ],
190 silly audit   sucrase: [ '3.35.1' ],
190 silly audit   'supports-hyperlinks': [ '2.3.0' ],
190 silly audit   'supports-preserve-symlinks-flag': [ '1.0.0' ],
190 silly audit   tar: [ '7.5.14' ],
190 silly audit   yallist: [ '5.0.0', '3.1.1' ],
190 silly audit   'terminal-link': [ '2.1.1' ],
190 silly audit   terser: [ '5.46.2' ],
190 silly audit   'test-exclude': [ '6.0.0' ],
190 silly audit   thenify: [ '3.3.1' ],
190 silly audit   'thenify-all': [ '1.6.0' ],
190 silly audit   throat: [ '5.0.0' ],
190 silly audit   tinyglobby: [ '0.2.16' ],
190 silly audit   fdir: [ '6.5.0' ],
190 silly audit   tmpl: [ '1.0.5' ],
190 silly audit   'to-regex-range': [ '5.0.1' ],
190 silly audit   toidentifier: [ '1.0.1' ],
190 silly audit   'ts-interface-checker': [ '0.1.13' ],
190 silly audit   'type-detect': [ '4.0.8' ],
190 silly audit   typescript: [ '5.9.3' ],
190 silly audit   undici: [ '6.25.0' ],
190 silly audit   'undici-types': [ '7.19.2' ],
190 silly audit   'unicode-canonical-property-names-ecmascript': [ '2.0.1' ],
190 silly audit   'unicode-match-property-ecmascript': [ '2.0.0' ],
190 silly audit   'unicode-match-property-value-ecmascript': [ '2.2.1' ],
190 silly audit   'unicode-property-aliases-ecmascript': [ '2.2.0' ],
190 silly audit   unpipe: [ '1.0.0' ],
190 silly audit   'update-browserslist-db': [ '1.2.3' ],
190 silly audit   'utils-merge': [ '1.0.1' ],
190 silly audit   uuid: [ '7.0.3' ],
190 silly audit   'validate-npm-package-name': [ '5.0.1' ],
190 silly audit   vary: [ '1.1.2' ],
190 silly audit   vlq: [ '1.0.1' ],
190 silly audit   walker: [ '1.0.8' ],
190 silly audit   wcwidth: [ '1.0.1' ],
190 silly audit   'webidl-conversions': [ '5.0.0' ],
190 silly audit   'whatwg-fetch': [ '3.6.20' ],
190 silly audit   'whatwg-url-without-unicode': [ '8.0.0-3' ],
190 silly audit   which: [ '2.0.2' ],
190 silly audit   wonka: [ '6.3.6' ],
190 silly audit   'wrap-ansi': [ '7.0.0' ],
190 silly audit   wrappy: [ '1.0.2' ],
190 silly audit   'write-file-atomic': [ '4.0.2' ],
190 silly audit   xcode: [ '3.0.1' ],
190 silly audit   xml2js: [ '0.6.0' ],
190 silly audit   xmlbuilder: [ '11.0.1', '15.1.1' ],
190 silly audit   y18n: [ '5.0.8' ],
190 silly audit   yaml: [ '2.8.4' ],
190 silly audit   yargs: [ '17.7.2' ],
190 silly audit   'yargs-parser': [ '21.1.1' ],
190 silly audit   'yocto-queue': [ '0.1.0' ],
190 silly audit   '@react-navigation/native': [ '7.2.3' ],
190 silly audit   '@react-navigation/native-stack': [ '7.14.13' ],
190 silly audit   'react-native-safe-area-context': [ '5.7.0' ],
190 silly audit   'react-native-screens': [ '4.24.0' ],
190 silly audit   '@react-navigation/core': [ '7.17.3' ],
190 silly audit   'fast-deep-equal': [ '3.1.3' ],
190 silly audit   'use-latest-callback': [ '0.2.6' ],
190 silly audit   '@react-navigation/routers': [ '7.5.4' ],
190 silly audit   'query-string': [ '7.1.3' ],
190 silly audit   'use-sync-external-store': [ '1.6.0' ],
190 silly audit   '@react-navigation/elements': [ '2.9.16' ],
190 silly audit   color: [ '4.2.3' ],
190 silly audit   'sf-symbols-typescript': [ '2.2.0' ],
190 silly audit   'warn-once': [ '0.1.1' ],
190 silly audit   'color-string': [ '1.9.1' ],
190 silly audit   'simple-swizzle': [ '0.2.4' ],
190 silly audit   'decode-uri-component': [ '0.2.2' ],
190 silly audit   'filter-obj': [ '1.1.0' ],
190 silly audit   'split-on-first': [ '1.1.0' ],
190 silly audit   'strict-uri-encode': [ '2.0.0' ],
190 silly audit   'react-freeze': [ '1.0.4' ],
190 silly audit   'is-arrayish': [ '0.3.4' ]
190 silly audit }
191 http cache strict-uri-encode@https://registry.npmjs.org/strict-uri-encode/-/strict-uri-encode-2.0.0.tgz 0ms (cache hit)
192 http cache is-arrayish@https://registry.npmjs.org/is-arrayish/-/is-arrayish-0.3.4.tgz 0ms (cache hit)
193 http cache filter-obj@https://registry.npmjs.org/filter-obj/-/filter-obj-1.1.0.tgz 0ms (cache hit)
194 http cache decode-uri-component@https://registry.npmjs.org/decode-uri-component/-/decode-uri-component-0.2.2.tgz 0ms (cache hit)
195 http cache split-on-first@https://registry.npmjs.org/split-on-first/-/split-on-first-1.1.0.tgz 0ms (cache hit)
196 http cache simple-swizzle@https://registry.npmjs.org/simple-swizzle/-/simple-swizzle-0.2.4.tgz 0ms (cache hit)
197 http cache warn-once@https://registry.npmjs.org/warn-once/-/warn-once-0.1.1.tgz 0ms (cache hit)
198 http cache color-string@https://registry.npmjs.org/color-string/-/color-string-1.9.1.tgz 1ms (cache hit)
199 http cache sf-symbols-typescript@https://registry.npmjs.org/sf-symbols-typescript/-/sf-symbols-typescript-2.2.0.tgz 0ms (cache hit)
200 http cache color@https://registry.npmjs.org/color/-/color-4.2.3.tgz 0ms (cache hit)
201 http cache @react-navigation/elements@https://registry.npmjs.org/@react-navigation/elements/-/elements-2.9.16.tgz 0ms (cache hit)
202 http cache use-sync-external-store@https://registry.npmjs.org/use-sync-external-store/-/use-sync-external-store-1.6.0.tgz 0ms (cache hit)
203 http cache query-string@https://registry.npmjs.org/query-string/-/query-string-7.1.3.tgz 0ms (cache hit)
204 http cache @react-navigation/routers@https://registry.npmjs.org/@react-navigation/routers/-/routers-7.5.4.tgz 0ms (cache hit)
205 http cache fast-deep-equal@https://registry.npmjs.org/fast-deep-equal/-/fast-deep-equal-3.1.3.tgz 0ms (cache hit)
206 http cache use-latest-callback@https://registry.npmjs.org/use-latest-callback/-/use-latest-callback-0.2.6.tgz 0ms (cache hit)
207 http cache react-native-screens@https://registry.npmjs.org/react-native-screens/-/react-native-screens-4.24.0.tgz 0ms (cache hit)
208 http cache @react-navigation/core@https://registry.npmjs.org/@react-navigation/core/-/core-7.17.3.tgz 0ms (cache hit)
209 http cache react-native-safe-area-context@https://registry.npmjs.org/react-native-safe-area-context/-/react-native-safe-area-context-5.7.0.tgz 0ms (cache hit)
210 http cache @react-navigation/native-stack@https://registry.npmjs.org/@react-navigation/native-stack/-/native-stack-7.14.13.tgz 0ms (cache hit)
211 http cache @react-navigation/native@https://registry.npmjs.org/@react-navigation/native/-/native-7.2.3.tgz 0ms (cache hit)
212 http cache fsevents@https://registry.npmjs.org/fsevents/-/fsevents-2.3.3.tgz 0ms (cache hit)
213 http cache color-name@https://registry.npmjs.org/color-name/-/color-name-1.1.4.tgz 0ms (cache hit)
214 http cache react-is@https://registry.npmjs.org/react-is/-/react-is-19.2.6.tgz 0ms (cache hit)
215 http cache escape-string-regexp@https://registry.npmjs.org/escape-string-regexp/-/escape-string-regexp-4.0.0.tgz 0ms (cache hit)
216 http cache escape-string-regexp@https://registry.npmjs.org/escape-string-regexp/-/escape-string-regexp-4.0.0.tgz 0ms (cache hit)
217 http cache react-freeze@https://registry.npmjs.org/react-freeze/-/react-freeze-1.0.4.tgz 0ms (cache hit)
218 http cache color-convert@https://registry.npmjs.org/color-convert/-/color-convert-2.0.1.tgz 0ms (cache hit)
219 silly tarball no local data for strict-uri-encode@https://registry.npmjs.org/strict-uri-encode/-/strict-uri-encode-2.0.0.tgz. Extracting by manifest.
220 silly tarball no local data for is-arrayish@https://registry.npmjs.org/is-arrayish/-/is-arrayish-0.3.4.tgz. Extracting by manifest.
221 silly tarball no local data for filter-obj@https://registry.npmjs.org/filter-obj/-/filter-obj-1.1.0.tgz. Extracting by manifest.
222 silly tarball no local data for decode-uri-component@https://registry.npmjs.org/decode-uri-component/-/decode-uri-component-0.2.2.tgz. Extracting by manifest.
223 silly tarball no local data for split-on-first@https://registry.npmjs.org/split-on-first/-/split-on-first-1.1.0.tgz. Extracting by manifest.
224 silly tarball no local data for simple-swizzle@https://registry.npmjs.org/simple-swizzle/-/simple-swizzle-0.2.4.tgz. Extracting by manifest.
225 silly tarball no local data for warn-once@https://registry.npmjs.org/warn-once/-/warn-once-0.1.1.tgz. Extracting by manifest.
226 silly tarball no local data for color-string@https://registry.npmjs.org/color-string/-/color-string-1.9.1.tgz. Extracting by manifest.
227 silly tarball no local data for sf-symbols-typescript@https://registry.npmjs.org/sf-symbols-typescript/-/sf-symbols-typescript-2.2.0.tgz. Extracting by manifest.
228 silly tarball no local data for color@https://registry.npmjs.org/color/-/color-4.2.3.tgz. Extracting by manifest.
229 silly tarball no local data for @react-navigation/elements@https://registry.npmjs.org/@react-navigation/elements/-/elements-2.9.16.tgz. Extracting by manifest.
230 silly tarball no local data for use-sync-external-store@https://registry.npmjs.org/use-sync-external-store/-/use-sync-external-store-1.6.0.tgz. Extracting by manifest.
231 silly tarball no local data for query-string@https://registry.npmjs.org/query-string/-/query-string-7.1.3.tgz. Extracting by manifest.
232 silly tarball no local data for @react-navigation/routers@https://registry.npmjs.org/@react-navigation/routers/-/routers-7.5.4.tgz. Extracting by manifest.
233 silly tarball no local data for fast-deep-equal@https://registry.npmjs.org/fast-deep-equal/-/fast-deep-equal-3.1.3.tgz. Extracting by manifest.
234 silly tarball no local data for use-latest-callback@https://registry.npmjs.org/use-latest-callback/-/use-latest-callback-0.2.6.tgz. Extracting by manifest.
235 silly tarball no local data for react-native-screens@https://registry.npmjs.org/react-native-screens/-/react-native-screens-4.24.0.tgz. Extracting by manifest.
236 silly tarball no local data for @react-navigation/core@https://registry.npmjs.org/@react-navigation/core/-/core-7.17.3.tgz. Extracting by manifest.
237 silly tarball no local data for react-native-safe-area-context@https://registry.npmjs.org/react-native-safe-area-context/-/react-native-safe-area-context-5.7.0.tgz. Extracting by manifest.
238 silly tarball no local data for @react-navigation/native-stack@https://registry.npmjs.org/@react-navigation/native-stack/-/native-stack-7.14.13.tgz. Extracting by manifest.
239 silly tarball no local data for @react-navigation/native@https://registry.npmjs.org/@react-navigation/native/-/native-7.2.3.tgz. Extracting by manifest.
240 silly tarball no local data for fsevents@https://registry.npmjs.org/fsevents/-/fsevents-2.3.3.tgz. Extracting by manifest.
241 silly tarball no local data for color-name@https://registry.npmjs.org/color-name/-/color-name-1.1.4.tgz. Extracting by manifest.
242 silly tarball no local data for react-is@https://registry.npmjs.org/react-is/-/react-is-19.2.6.tgz. Extracting by manifest.
243 silly tarball no local data for escape-string-regexp@https://registry.npmjs.org/escape-string-regexp/-/escape-string-regexp-4.0.0.tgz. Extracting by manifest.
244 silly tarball no local data for escape-string-regexp@https://registry.npmjs.org/escape-string-regexp/-/escape-string-regexp-4.0.0.tgz. Extracting by manifest.
245 silly tarball no local data for react-freeze@https://registry.npmjs.org/react-freeze/-/react-freeze-1.0.4.tgz. Extracting by manifest.
246 silly tarball no local data for color-convert@https://registry.npmjs.org/color-convert/-/color-convert-2.0.1.tgz. Extracting by manifest.
247 http fetch GET 200 https://registry.npmjs.org/strict-uri-encode/-/strict-uri-encode-2.0.0.tgz 92ms (cache miss)
248 http fetch GET 200 https://registry.npmjs.org/is-arrayish/-/is-arrayish-0.3.4.tgz 92ms (cache miss)
249 http fetch GET 200 https://registry.npmjs.org/fast-deep-equal/-/fast-deep-equal-3.1.3.tgz 198ms (cache miss)
250 http fetch POST 200 https://registry.npmjs.org/-/npm/v1/security/advisories/bulk 253ms
251 silly audit report {
251 silly audit report   postcss: [
251 silly audit report     {
251 silly audit report       id: 1117015,
251 silly audit report       url: 'https://github.com/advisories/GHSA-qx2v-qp2m-jg93',
251 silly audit report       title: 'PostCSS has XSS via Unescaped </style> in its CSS Stringify Output',
251 silly audit report       severity: 'moderate',
251 silly audit report       vulnerable_versions: '<8.5.10',
251 silly audit report       cwe: [Array],
251 silly audit report       cvss: [Object]
251 silly audit report     }
251 silly audit report   ]
251 silly audit report }
252 silly packumentCache corgi:https://registry.npmjs.org/postcss cache-miss
253 http fetch GET 200 https://registry.npmjs.org/use-latest-callback/-/use-latest-callback-0.2.6.tgz 347ms (cache miss)
254 http fetch GET 200 https://registry.npmjs.org/color/-/color-4.2.3.tgz 420ms (cache miss)
255 http fetch GET 200 https://registry.npmjs.org/simple-swizzle/-/simple-swizzle-0.2.4.tgz 425ms (cache miss)
256 http fetch GET 200 https://registry.npmjs.org/filter-obj/-/filter-obj-1.1.0.tgz 462ms (cache miss)
257 http fetch GET 200 https://registry.npmjs.org/decode-uri-component/-/decode-uri-component-0.2.2.tgz 462ms (cache miss)
258 http fetch GET 200 https://registry.npmjs.org/split-on-first/-/split-on-first-1.1.0.tgz 462ms (cache miss)
259 http fetch GET 200 https://registry.npmjs.org/color-string/-/color-string-1.9.1.tgz 461ms (cache miss)
260 http fetch GET 200 https://registry.npmjs.org/warn-once/-/warn-once-0.1.1.tgz 462ms (cache miss)
261 http fetch GET 200 https://registry.npmjs.org/react-is/-/react-is-19.2.6.tgz 451ms (cache miss)
262 http fetch GET 200 https://registry.npmjs.org/color-name/-/color-name-1.1.4.tgz 591ms (cache miss)
263 http fetch GET 200 https://registry.npmjs.org/fsevents/-/fsevents-2.3.3.tgz 593ms (cache miss)
264 http fetch GET 200 https://registry.npmjs.org/escape-string-regexp/-/escape-string-regexp-4.0.0.tgz 589ms (cache miss)
265 http fetch GET 200 https://registry.npmjs.org/escape-string-regexp/-/escape-string-regexp-4.0.0.tgz 594ms (cache miss)
266 http fetch GET 200 https://registry.npmjs.org/query-string/-/query-string-7.1.3.tgz 616ms (cache miss)
267 http fetch GET 200 https://registry.npmjs.org/color-convert/-/color-convert-2.0.1.tgz 607ms (cache miss)
268 http fetch GET 200 https://registry.npmjs.org/react-freeze/-/react-freeze-1.0.4.tgz 623ms (cache miss)
269 http fetch GET 200 https://registry.npmjs.org/use-sync-external-store/-/use-sync-external-store-1.6.0.tgz 651ms (cache miss)
270 http fetch GET 200 https://registry.npmjs.org/sf-symbols-typescript/-/sf-symbols-typescript-2.2.0.tgz 674ms (cache miss)
271 http fetch GET 200 https://registry.npmjs.org/postcss 460ms (cache miss)
272 silly packumentCache corgi:https://registry.npmjs.org/postcss set size:undefined disposed:false
273 silly packumentCache corgi:https://registry.npmjs.org/@expo%2fmetro-config cache-miss
274 http fetch GET 200 https://registry.npmjs.org/@react-navigation/routers/-/routers-7.5.4.tgz 1140ms (cache miss)
275 http fetch GET 200 https://registry.npmjs.org/@expo%2fmetro-config 361ms (cache miss)
276 silly packumentCache corgi:https://registry.npmjs.org/@expo%2fmetro-config set size:undefined disposed:false
277 silly packumentCache corgi:https://registry.npmjs.org/expo cache-miss
278 silly packumentCache corgi:https://registry.npmjs.org/@expo%2fcli cache-miss
279 http fetch GET 200 https://registry.npmjs.org/@react-navigation/native-stack/-/native-stack-7.14.13.tgz 1503ms (cache miss)
280 http fetch GET 200 https://registry.npmjs.org/@expo%2fcli 297ms (cache miss)
281 silly packumentCache corgi:https://registry.npmjs.org/@expo%2fcli set size:undefined disposed:false
282 http fetch GET 200 https://registry.npmjs.org/expo 527ms (cache miss)
283 silly packumentCache corgi:https://registry.npmjs.org/expo set size:undefined disposed:false
284 silly packumentCache corgi:https://registry.npmjs.org/@expo%2fprebuild-config cache-miss
285 silly packumentCache corgi:https://registry.npmjs.org/babel-preset-expo cache-miss
286 silly packumentCache corgi:https://registry.npmjs.org/expo-asset cache-miss
287 silly packumentCache corgi:https://registry.npmjs.org/expo-constants cache-miss
288 silly packumentCache corgi:https://registry.npmjs.org/expo-file-system cache-miss
289 silly packumentCache corgi:https://registry.npmjs.org/expo-font cache-miss
290 silly packumentCache corgi:https://registry.npmjs.org/expo-keep-awake cache-miss
291 http fetch GET 200 https://registry.npmjs.org/expo-keep-awake 358ms (cache miss)
292 silly packumentCache corgi:https://registry.npmjs.org/expo-keep-awake set size:undefined disposed:false
293 http fetch GET 200 https://registry.npmjs.org/expo-asset 444ms (cache miss)
294 silly packumentCache corgi:https://registry.npmjs.org/expo-asset set size:undefined disposed:false
295 http fetch GET 200 https://registry.npmjs.org/expo-file-system 552ms (cache miss)
296 silly packumentCache corgi:https://registry.npmjs.org/expo-file-system set size:undefined disposed:false
297 http fetch GET 200 https://registry.npmjs.org/expo-constants 616ms (cache miss)
298 silly packumentCache corgi:https://registry.npmjs.org/expo-constants set size:undefined disposed:false
299 http fetch GET 200 https://registry.npmjs.org/babel-preset-expo 674ms (cache miss)
300 silly packumentCache corgi:https://registry.npmjs.org/babel-preset-expo set size:undefined disposed:false
301 http fetch GET 200 https://registry.npmjs.org/expo-font 702ms (cache miss)
302 silly packumentCache corgi:https://registry.npmjs.org/expo-font set size:undefined disposed:false
303 http fetch GET 200 https://registry.npmjs.org/@expo%2fprebuild-config 809ms (cache miss)
304 silly packumentCache corgi:https://registry.npmjs.org/@expo%2fprebuild-config set size:undefined disposed:false
305 http fetch GET 200 https://registry.npmjs.org/@react-navigation/native/-/native-7.2.3.tgz 2993ms (cache miss)
306 http fetch GET 200 https://registry.npmjs.org/react-native-safe-area-context/-/react-native-safe-area-context-5.7.0.tgz 3160ms (cache miss)
307 http fetch GET 200 https://registry.npmjs.org/@react-navigation/elements/-/elements-2.9.16.tgz 3284ms (cache miss)
308 http fetch GET 200 https://registry.npmjs.org/@react-navigation/core/-/core-7.17.3.tgz 3463ms (cache miss)
309 http fetch GET 200 https://registry.npmjs.org/react-native-screens/-/react-native-screens-4.24.0.tgz 4748ms (cache miss)
310 silly ADD node_modules/is-arrayish
311 silly ADD node_modules/react-freeze
312 silly ADD node_modules/strict-uri-encode
313 silly ADD node_modules/split-on-first
314 silly ADD node_modules/filter-obj
315 silly ADD node_modules/decode-uri-component
316 silly ADD node_modules/simple-swizzle
317 silly ADD node_modules/color-string
318 silly ADD node_modules/warn-once
319 silly ADD node_modules/sf-symbols-typescript
320 silly ADD node_modules/color
321 silly ADD node_modules/color/node_modules/color-name
322 silly ADD node_modules/color/node_modules/color-convert
323 silly ADD node_modules/@react-navigation/elements
324 silly ADD node_modules/use-sync-external-store
325 silly ADD node_modules/query-string
326 silly ADD node_modules/@react-navigation/routers
327 silly ADD node_modules/use-latest-callback
328 silly ADD node_modules/fast-deep-equal
329 silly ADD node_modules/@react-navigation/core
330 silly ADD node_modules/@react-navigation/core/node_modules/react-is
331 silly ADD node_modules/@react-navigation/core/node_modules/escape-string-regexp
332 silly ADD node_modules/react-native-screens
333 silly ADD node_modules/react-native-safe-area-context
334 silly ADD node_modules/@react-navigation/native-stack
335 silly ADD node_modules/@react-navigation/native
336 silly ADD node_modules/@react-navigation/native/node_modules/escape-string-regexp
337 silly ADD node_modules/fsevents
338 verbose cwd /Users/sarganttanaicloud.com/Desktop/ALMAR_SIGN/frontend
339 verbose os Darwin 21.6.0
340 verbose node v24.15.0
341 verbose npm  v11.12.1
342 verbose exit 0
343 info ok
