0 verbose cli /usr/local/bin/node /usr/local/lib/node_modules/npm/bin/npm-cli.js
1 info using npm@11.12.1
2 info using node@v24.15.0
3 silly config load:file:/usr/local/lib/node_modules/npm/npmrc
4 silly config load:file:/Users/sarganttanaicloud.com/Desktop/ALMAR_SIGN/frontend/.npmrc
5 silly config load:file:/Users/sarganttanaicloud.com/.npmrc
6 silly config load:file:/usr/local/etc/npmrc
7 verbose title npm exec expo start
8 verbose argv "exec" "--" "expo" "start"
9 verbose logfile logs-max:10 dir:/Users/sarganttanaicloud.com/Desktop/ALMAR_SIGN/frontend/clean/_logs/2026-05-07T21_31_10_334Z-
10 verbose logfile /Users/sarganttanaicloud.com/Desktop/ALMAR_SIGN/frontend/clean/_logs/2026-05-07T21_31_10_334Z-debug-0.log
11 silly logfile done cleaning log files
12 http fetch GET 200 https://registry.npmjs.org/npm 275ms
13 verbose cwd /Users/sarganttanaicloud.com/Desktop/ALMAR_SIGN/frontend
14 verbose os Darwin 21.6.0
15 verbose node v24.15.0
16 verbose npm  v11.12.1
17 notice
17 notice New [33mminor[39m version of npm available! [33m11.12.1[39m -> [34m11.14.0[39m
17 notice Changelog: [34mhttps://github.com/npm/cli/releases/tag/v11.14.0[39m
17 notice To update run: [4mnpm install -g npm@11.14.0[24m
17 notice  { force: true, Symbol(proc-log.meta): true }
18 verbose exit 0
19 info ok
